## first attempt:

Failed to validate datapack
java.util.concurrent.CompletionException: com.google.gson.JsonParseException: Error(s) loading registries:

Error(s) loading registry minecraft:worldgen/biome:
List must have contents
	at: file "data/amalgam/worldgen/configured_feature/plains/good_looking_tree.json"
	at: data pack Datapack
	at: "feature"
	at: file "data/amalgam/worldgen/placed_feature/plains/good_looking_tree.json"
	at: data pack Datapack
	at: reference to "amalgam:plains/good_looking_tree" from minecraft:worldgen/placed_feature at index 11
	at: "features", step vegetal_decoration, index 9
	at: file "data/amalgam/worldgen/biome/overworld/plains.json"
	at: data pack Datapack; 

Error(s) loading registry minecraft:worldgen/configured_feature:
List must have contents
	at: file "data/amalgam/worldgen/configured_feature/plains/omg_this_tree_looks_awsome_and_it_glows.json"
	at: data pack Datapack
List must have contents
	at: file "data/amalgam/worldgen/configured_feature/plains/good_looking_tree.json"
	at: data pack Datapack; 

Error(s) loading registry minecraft:worldgen/placed_feature:
List must have contents
	at: file "data/amalgam/worldgen/configured_feature/plains/good_looking_tree.json"
	at: data pack Datapack
	at: "feature"
	at: file "data/amalgam/worldgen/placed_feature/plains/good_looking_tree.json"
	at: data pack Datapack
List must have contents
	at: file "data/amalgam/worldgen/configured_feature/plains/omg_this_tree_looks_awsome_and_it_glows.json"
	at: data pack Datapack
	at: file "data/amalgam/worldgen/placed_feature/plains/omg_this_tree_looks_awsome_and_it_glows.json"
	at: data pack Datapack


	at java.base/java.util.concurrent.CompletableFuture.encodeThrowable(CompletableFuture.java:332)
	at java.base/java.util.concurrent.CompletableFuture.uniAcceptNow(CompletableFuture.java:747)
	at java.base/java.util.concurrent.CompletableFuture.uniAcceptStage(CompletableFuture.java:735)
	at java.base/java.util.concurrent.CompletableFuture.thenAcceptAsync(CompletableFuture.java:2191)
	at net.minecraft.class_525.method_29682(class_525.java:543)
	at net.minecraft.class_5369.method_29642(class_5369.java:49)
	at net.minecraft.class_5375.method_25419(class_5375.java:78)
	at net.minecraft.class_5375.method_29982(class_5375.java:95)
	at net.minecraft.class_4185.method_25306(class_4185.java:40)
	at net.minecraft.class_4264.method_25348(class_4264.java:16)
	at net.minecraft.class_339.method_25402(class_339.java:120)
	at net.minecraft.class_4069.method_25402(class_4069.java:27)
	at net.minecraft.class_312.method_1611(class_312.java:94)
	at net.minecraft.class_437.method_25412(class_437.java:491)
	at net.minecraft.class_312.method_1601(class_312.java:94)
	at net.minecraft.class_312.method_22686(class_312.java:165)
	at net.minecraft.class_1255.execute(class_1255.java:103)
	at net.minecraft.class_312.method_22684(class_312.java:165)
	at org.lwjgl.glfw.GLFWMouseButtonCallbackI.callback(GLFWMouseButtonCallbackI.java:43)
	at org.lwjgl.system.JNI.invokeV(Native Method)
	at org.lwjgl.glfw.GLFW.glfwWaitEventsTimeout(GLFW.java:3474)
	at com.mojang.blaze3d.systems.RenderSystem.limitDisplayFPS(RenderSystem.java:222)
	at net.minecraft.class_310.method_1523(class_310.java:1174)
	at net.minecraft.class_310.method_1514(class_310.java:734)
	at net.minecraft.client.main.Main.main(Main.java:237)
	at net.fabricmc.loader.impl.game.minecraft.MinecraftGameProvider.launch(MinecraftGameProvider.java:461)
	at net.fabricmc.loader.impl.launch.knot.Knot.launch(Knot.java:74)
	at net.fabricmc.loader.impl.launch.knot.KnotClient.main(KnotClient.java:23)
Caused by: com.google.gson.JsonParseException: Error(s) loading registries:

Error(s) loading registry minecraft:worldgen/biome:
List must have contents
	at: file "data/amalgam/worldgen/configured_feature/plains/good_looking_tree.json"
	at: data pack Datapack
	at: "feature"
	at: file "data/amalgam/worldgen/placed_feature/plains/good_looking_tree.json"
	at: data pack Datapack
	at: reference to "amalgam:plains/good_looking_tree" from minecraft:worldgen/placed_feature at index 11
	at: "features", step vegetal_decoration, index 9
	at: file "data/amalgam/worldgen/biome/overworld/plains.json"
	at: data pack Datapack; 

Error(s) loading registry minecraft:worldgen/configured_feature:
List must have contents
	at: file "data/amalgam/worldgen/configured_feature/plains/omg_this_tree_looks_awsome_and_it_glows.json"
	at: data pack Datapack
List must have contents
	at: file "data/amalgam/worldgen/configured_feature/plains/good_looking_tree.json"
	at: data pack Datapack; 

Error(s) loading registry minecraft:worldgen/placed_feature:
List must have contents
	at: file "data/amalgam/worldgen/configured_feature/plains/good_looking_tree.json"
	at: data pack Datapack
	at: "feature"
	at: file "data/amalgam/worldgen/placed_feature/plains/good_looking_tree.json"
	at: data pack Datapack
List must have contents
	at: file "data/amalgam/worldgen/configured_feature/plains/omg_this_tree_looks_awsome_and_it_glows.json"
	at: data pack Datapack
	at: file "data/amalgam/worldgen/placed_feature/plains/omg_this_tree_looks_awsome_and_it_glows.json"
	at: data pack Datapack


	at com.alcatrazescapee.cyanide.codec.MixinHooks.readRegistries(MixinHooks.java:90)
	at net.minecraft.class_6903.redirect$zjk000$loadCollectingErrors(class_6903.java:534)
	at net.minecraft.class_6903.method_40413(class_6903.java:32)
	at net.minecraft.class_6903.method_40412(class_6903.java:25)
	at net.minecraft.class_525.method_40209(class_525.java:516)
	at net.minecraft.class_7237.method_42098(class_7237.java:24)
	at net.minecraft.class_525.method_29682(class_525.java:509)
	... 23 more

## Second attempt after removing glitched features:

17:31:29.659
Not all defined tags for registry ResourceKey[minecraft:root / minecraft:item] are present in data pack: minecraft:carpets, minecraft:occludes_vibration_signals
17:31:51.090
Failed to validate datapack
java.util.concurrent.CompletionException: java.lang.IllegalStateException: Unbound values in registry ResourceKey[minecraft:root / minecraft:worldgen/placed_feature]: [minecraft:, amalgam:plains/good_looking_tree, amalgam:plains/wow_tree/ochre, amalgam:plains/wow_tree/pearlescent, amalgam:plains/wow_tree/verdant]
	at java.base/java.util.concurrent.CompletableFuture.encodeThrowable(CompletableFuture.java:332)
	at java.base/java.util.concurrent.CompletableFuture.uniAcceptNow(CompletableFuture.java:747)
	at java.base/java.util.concurrent.CompletableFuture.uniAcceptStage(CompletableFuture.java:735)
	at java.base/java.util.concurrent.CompletableFuture.thenAcceptAsync(CompletableFuture.java:2191)
	at net.minecraft.class_525.method_29682(class_525.java:543)
	at net.minecraft.class_5369.method_29642(class_5369.java:49)
	at net.minecraft.class_5375.method_25419(class_5375.java:78)
	at net.minecraft.class_5375.method_29982(class_5375.java:95)
	at net.minecraft.class_4185.method_25306(class_4185.java:40)
	at net.minecraft.class_4264.method_25348(class_4264.java:16)
	at net.minecraft.class_339.method_25402(class_339.java:120)
	at net.minecraft.class_4069.method_25402(class_4069.java:27)
	at net.minecraft.class_312.method_1611(class_312.java:94)
	at net.minecraft.class_437.method_25412(class_437.java:491)
	at net.minecraft.class_312.method_1601(class_312.java:94)
	at net.minecraft.class_312.method_22686(class_312.java:165)
	at net.minecraft.class_1255.execute(class_1255.java:103)
	at net.minecraft.class_312.method_22684(class_312.java:165)
	at org.lwjgl.glfw.GLFWMouseButtonCallbackI.callback(GLFWMouseButtonCallbackI.java:43)
	at org.lwjgl.system.JNI.invokeV(Native Method)
	at org.lwjgl.glfw.GLFW.glfwWaitEventsTimeout(GLFW.java:3474)
	at com.mojang.blaze3d.systems.RenderSystem.limitDisplayFPS(RenderSystem.java:222)
	at net.minecraft.class_310.method_1523(class_310.java:1174)
	at net.minecraft.class_310.method_1514(class_310.java:734)
	at net.minecraft.client.main.Main.main(Main.java:237)
	at net.fabricmc.loader.impl.game.minecraft.MinecraftGameProvider.launch(MinecraftGameProvider.java:461)
	at net.fabricmc.loader.impl.launch.knot.Knot.launch(Knot.java:74)
	at net.fabricmc.loader.impl.launch.knot.KnotClient.main(KnotClient.java:23)
Caused by: java.lang.IllegalStateException: Unbound values in registry ResourceKey[minecraft:root / minecraft:worldgen/placed_feature]: [minecraft:, amalgam:plains/good_looking_tree, amalgam:plains/wow_tree/ochre, amalgam:plains/wow_tree/pearlescent, amalgam:plains/wow_tree/verdant]
	at net.minecraft.class_2370.method_40276(class_2370.java:347)
	at net.minecraft.class_5455$class_6892.method_40332(class_5455.java:128)
	at java.base/java.util.stream.ReferencePipeline$3$1.accept(ReferencePipeline.java:197)
	at java.base/java.util.stream.ReferencePipeline$3$1.accept(ReferencePipeline.java:197)
	at java.base/java.util.HashMap$EntrySpliterator.forEachRemaining(HashMap.java:1850)
	at java.base/java.util.stream.AbstractPipeline.copyInto(AbstractPipeline.java:509)
	at java.base/java.util.stream.AbstractPipeline.wrapAndCopyInto(AbstractPipeline.java:499)
	at java.base/java.util.stream.ReduceOps$ReduceOp.evaluateSequential(ReduceOps.java:921)
	at java.base/java.util.stream.AbstractPipeline.evaluate(AbstractPipeline.java:234)
	at java.base/java.util.stream.ReferencePipeline.collect(ReferencePipeline.java:682)
	at net.minecraft.class_5455$class_6891.<init>(class_5455.java:168)
	at net.minecraft.class_5455.method_40316(class_5455.java:324)
	at net.minecraft.class_525.method_40209(class_525.java:519)
	at net.minecraft.class_7237.method_42098(class_7237.java:24)
	at net.minecraft.class_525.method_29682(class_525.java:509)
	... 23 more