Failed to validate datapack
java.util.concurrent.CompletionException: java.lang.IllegalStateException: Trying to access unbound value 'ResourceKey[minecraft:dimension / amalgam:the_amalgam]' from registry Registry[ResourceKey[minecraft:root / minecraft:dimension] (Stable)]
	at java.base/java.util.concurrent.CompletableFuture.encodeThrowable(CompletableFuture.java:332)
	at java.base/java.util.concurrent.CompletableFuture.uniAcceptNow(CompletableFuture.java:747)
	at java.base/java.util.concurrent.CompletableFuture.uniAcceptStage(CompletableFuture.java:735)
	at java.base/java.util.concurrent.CompletableFuture.thenAcceptAsync(CompletableFuture.java:2191)
	at net.minecraft.class_525.method_29682(class_525.java:543)
	at net.minecraft.class_5369.method_29642(class_5369.java:49)
	at net.minecraft.class_5375.method_25419(class_5375.java:78)
	at net.minecraft.class_5375.method_29982(class_5375.java:95)
	at net.minecraft.class_4185.method_25306(class_4185.java:40)
	at net.minecraft.class_4264.method_25348(class_4264.java:16)
	at net.minecraft.class_339.method_25402(class_339.java:120)
	at net.minecraft.class_4069.method_25402(class_4069.java:27)
	at net.minecraft.class_312.method_1611(class_312.java:94)
	at net.minecraft.class_437.method_25412(class_437.java:491)
	at net.minecraft.class_312.method_1601(class_312.java:94)
	at net.minecraft.class_312.method_22686(class_312.java:165)
	at net.minecraft.class_1255.execute(class_1255.java:103)
	at net.minecraft.class_312.method_22684(class_312.java:165)
	at org.lwjgl.glfw.GLFWMouseButtonCallbackI.callback(GLFWMouseButtonCallbackI.java:43)
	at org.lwjgl.system.JNI.invokeV(Native Method)
	at org.lwjgl.glfw.GLFW.glfwWaitEventsTimeout(GLFW.java:3474)
	at com.mojang.blaze3d.systems.RenderSystem.limitDisplayFPS(RenderSystem.java:222)
	at net.minecraft.class_310.method_1523(class_310.java:1174)
	at net.minecraft.class_310.method_1514(class_310.java:734)
	at net.minecraft.client.main.Main.main(Main.java:237)
	at net.fabricmc.loader.impl.game.minecraft.MinecraftGameProvider.launch(MinecraftGameProvider.java:461)
	at net.fabricmc.loader.impl.launch.knot.Knot.launch(Knot.java:74)
	at net.fabricmc.loader.impl.launch.knot.KnotClient.main(KnotClient.java:23)
Caused by: java.lang.IllegalStateException: Trying to access unbound value 'ResourceKey[minecraft:dimension / amalgam:the_amalgam]' from registry Registry[ResourceKey[minecraft:root / minecraft:dimension] (Stable)]
	at net.minecraft.class_6880$class_6883.comp_349(class_6880.java:159)
	at net.minecraft.class_2370.method_40253(class_2370.java:265)
	at net.minecraft.class_2370.method_29107(class_2370.java:184)
	at net.minecraft.class_5363.method_41525(class_5363.java:67)
	at java.base/java.util.stream.ReferencePipeline$2$1.accept(ReferencePipeline.java:179)
	at java.base/java.util.HashMap$KeySpliterator.forEachRemaining(HashMap.java:1707)
	at java.base/java.util.stream.AbstractPipeline.copyInto(AbstractPipeline.java:509)
	at java.base/java.util.stream.AbstractPipeline.wrapAndCopyInto(AbstractPipeline.java:499)
	at java.base/java.util.stream.StreamSpliterators$WrappingSpliterator.forEachRemaining(StreamSpliterators.java:310)
	at java.base/java.util.stream.Streams$ConcatSpliterator.forEachRemaining(Streams.java:735)
	at java.base/java.util.stream.ReferencePipeline$Head.forEach(ReferencePipeline.java:762)
	at net.minecraft.class_5363.method_29569(class_5363.java:66)
	at com.mojang.datafixers.util.Pair.mapFirst(Pair.java:64)
	at com.mojang.serialization.Decoder$2.lambda$decode$0(Decoder.java:63)
	at java.base/java.util.Optional.map(Optional.java:260)
	at com.mojang.serialization.DataResult.lambda$map$5(DataResult.java:112)
	at com.mojang.datafixers.util.Either$Right.mapBoth(Either.java:94)
	at com.mojang.serialization.DataResult.map(DataResult.java:110)
	at com.mojang.serialization.Decoder$2.decode(Decoder.java:63)
	at com.mojang.serialization.Codec$2.decode(Codec.java:71)
	at com.mojang.serialization.Decoder.parse(Decoder.java:18)
	at com.mojang.serialization.codecs.FieldDecoder.decode(FieldDecoder.java:29)
	at com.mojang.serialization.MapCodec$1.decode(MapCodec.java:34)
	at com.mojang.serialization.codecs.RecordCodecBuilder$Instance$5.decode(RecordCodecBuilder.java:324)
	at com.mojang.serialization.codecs.RecordCodecBuilder$2.decode(RecordCodecBuilder.java:107)
	at com.mojang.serialization.MapDecoder.lambda$compressedDecode$0(MapDecoder.java:52)
	at com.mojang.serialization.DataResult.lambda$flatMap$10(DataResult.java:138)
	at com.mojang.datafixers.util.Either$Left.map(Either.java:38)
	at com.mojang.serialization.DataResult.flatMap(DataResult.java:136)
	at com.mojang.serialization.MapDecoder.compressedDecode(MapDecoder.java:52)
	at com.mojang.serialization.MapCodec$MapCodecCodec.decode(MapCodec.java:91)
	at com.mojang.serialization.Decoder$1.decode(Decoder.java:49)
	at com.mojang.serialization.Codec$2.decode(Codec.java:71)
	at com.mojang.serialization.Decoder.parse(Decoder.java:18)
	at net.minecraft.class_525.method_40211(class_525.java:518)
	at com.mojang.serialization.DataResult.lambda$flatMap$10(DataResult.java:138)
	at com.mojang.datafixers.util.Either$Left.map(Either.java:38)
	at com.mojang.serialization.DataResult.flatMap(DataResult.java:136)
	at net.minecraft.class_525.method_40209(class_525.java:518)
	at net.minecraft.class_7237.method_42098(class_7237.java:24)
	at net.minecraft.class_525.method_29682(class_525.java:509)
	... 23 more

Attempt 2 (after fixing bugs)

Failed to validate datapack
java.util.concurrent.CompletionException: java.lang.IllegalStateException: Unbound values in registry ResourceKey[minecraft:root / minecraft:worldgen/placed_feature]: [minecraft:, amalgam:plains/cloud_large, amalgam:plains/cloud_normal, amalgam:plains/wow_tree/ochre, amalgam:plains/wow_tree/pearlescent, amalgam:plains/wow_tree/verdant]
	at java.base/java.util.concurrent.CompletableFuture.encodeThrowable(CompletableFuture.java:332)
	at java.base/java.util.concurrent.CompletableFuture.uniAcceptNow(CompletableFuture.java:747)
	at java.base/java.util.concurrent.CompletableFuture.uniAcceptStage(CompletableFuture.java:735)
	at java.base/java.util.concurrent.CompletableFuture.thenAcceptAsync(CompletableFuture.java:2191)
	at net.minecraft.class_525.method_29682(class_525.java:543)
	at net.minecraft.class_5369.method_29642(class_5369.java:49)
	at net.minecraft.class_5375.method_25419(class_5375.java:78)
	at net.minecraft.class_5375.method_29982(class_5375.java:95)
	at net.minecraft.class_4185.method_25306(class_4185.java:40)
	at net.minecraft.class_4264.method_25348(class_4264.java:16)
	at net.minecraft.class_339.method_25402(class_339.java:120)
	at net.minecraft.class_4069.method_25402(class_4069.java:27)
	at net.minecraft.class_312.method_1611(class_312.java:94)
	at net.minecraft.class_437.method_25412(class_437.java:491)
	at net.minecraft.class_312.method_1601(class_312.java:94)
	at net.minecraft.class_312.method_22686(class_312.java:165)
	at net.minecraft.class_1255.execute(class_1255.java:103)
	at net.minecraft.class_312.method_22684(class_312.java:165)
	at org.lwjgl.glfw.GLFWMouseButtonCallbackI.callback(GLFWMouseButtonCallbackI.java:43)
	at org.lwjgl.system.JNI.invokeV(Native Method)
	at org.lwjgl.glfw.GLFW.glfwWaitEventsTimeout(GLFW.java:3474)
	at com.mojang.blaze3d.systems.RenderSystem.limitDisplayFPS(RenderSystem.java:222)
	at net.minecraft.class_310.method_1523(class_310.java:1174)
	at net.minecraft.class_310.method_1514(class_310.java:734)
	at net.minecraft.client.main.Main.main(Main.java:237)
	at net.fabricmc.loader.impl.game.minecraft.MinecraftGameProvider.launch(MinecraftGameProvider.java:461)
	at net.fabricmc.loader.impl.launch.knot.Knot.launch(Knot.java:74)
	at net.fabricmc.loader.impl.launch.knot.KnotClient.main(KnotClient.java:23)
Caused by: java.lang.IllegalStateException: Unbound values in registry ResourceKey[minecraft:root / minecraft:worldgen/placed_feature]: [minecraft:, amalgam:plains/cloud_large, amalgam:plains/cloud_normal, amalgam:plains/wow_tree/ochre, amalgam:plains/wow_tree/pearlescent, amalgam:plains/wow_tree/verdant]
	at net.minecraft.class_2370.method_40276(class_2370.java:347)
	at net.minecraft.class_5455$class_6892.method_40332(class_5455.java:128)
	at java.base/java.util.stream.ReferencePipeline$3$1.accept(ReferencePipeline.java:197)
	at java.base/java.util.stream.ReferencePipeline$3$1.accept(ReferencePipeline.java:197)
	at java.base/java.util.HashMap$EntrySpliterator.forEachRemaining(HashMap.java:1850)
	at java.base/java.util.stream.AbstractPipeline.copyInto(AbstractPipeline.java:509)
	at java.base/java.util.stream.AbstractPipeline.wrapAndCopyInto(AbstractPipeline.java:499)
	at java.base/java.util.stream.ReduceOps$ReduceOp.evaluateSequential(ReduceOps.java:921)
	at java.base/java.util.stream.AbstractPipeline.evaluate(AbstractPipeline.java:234)
	at java.base/java.util.stream.ReferencePipeline.collect(ReferencePipeline.java:682)
	at net.minecraft.class_5455$class_6891.<init>(class_5455.java:168)
	at net.minecraft.class_5455.method_40316(class_5455.java:324)
	at net.minecraft.class_525.method_40209(class_525.java:519)
	at net.minecraft.class_7237.method_42098(class_7237.java:24)
	at net.minecraft.class_525.method_29682(class_525.java:509)
	... 23 more

Attempt 3:

Failed to validate datapack
java.util.concurrent.CompletionException: java.lang.IllegalStateException: Unbound values in registry ResourceKey[minecraft:root / minecraft:worldgen/placed_feature]: [minecraft:]
	at java.base/java.util.concurrent.CompletableFuture.encodeThrowable(CompletableFuture.java:332)
	at java.base/java.util.concurrent.CompletableFuture.uniAcceptNow(CompletableFuture.java:747)
	at java.base/java.util.concurrent.CompletableFuture.uniAcceptStage(CompletableFuture.java:735)
	at java.base/java.util.concurrent.CompletableFuture.thenAcceptAsync(CompletableFuture.java:2191)
	at net.minecraft.class_525.method_29682(class_525.java:543)
	at net.minecraft.class_5369.method_29642(class_5369.java:49)
	at net.minecraft.class_5375.method_25419(class_5375.java:78)
	at net.minecraft.class_5375.method_29982(class_5375.java:95)
	at net.minecraft.class_4185.method_25306(class_4185.java:40)
	at net.minecraft.class_4264.method_25348(class_4264.java:16)
	at net.minecraft.class_339.method_25402(class_339.java:120)
	at net.minecraft.class_4069.method_25402(class_4069.java:27)
	at net.minecraft.class_312.method_1611(class_312.java:94)
	at net.minecraft.class_437.method_25412(class_437.java:491)
	at net.minecraft.class_312.method_1601(class_312.java:94)
	at net.minecraft.class_312.method_22686(class_312.java:165)
	at net.minecraft.class_1255.execute(class_1255.java:103)
	at net.minecraft.class_312.method_22684(class_312.java:165)
	at org.lwjgl.glfw.GLFWMouseButtonCallbackI.callback(GLFWMouseButtonCallbackI.java:43)
	at org.lwjgl.system.JNI.invokeV(Native Method)
	at org.lwjgl.glfw.GLFW.glfwPollEvents(GLFW.java:3403)
	at com.mojang.blaze3d.systems.RenderSystem.flipFrame(RenderSystem.java:204)
	at net.minecraft.class_1041.method_15998(class_1041.java:310)
	at net.minecraft.class_310.method_1523(class_310.java:1171)
	at net.minecraft.class_310.method_1514(class_310.java:734)
	at net.minecraft.client.main.Main.main(Main.java:237)
	at net.fabricmc.loader.impl.game.minecraft.MinecraftGameProvider.launch(MinecraftGameProvider.java:461)
	at net.fabricmc.loader.impl.launch.knot.Knot.launch(Knot.java:74)
	at net.fabricmc.loader.impl.launch.knot.KnotClient.main(KnotClient.java:23)
Caused by: java.lang.IllegalStateException: Unbound values in registry ResourceKey[minecraft:root / minecraft:worldgen/placed_feature]: [minecraft:]
	at net.minecraft.class_2370.method_40276(class_2370.java:347)
	at net.minecraft.class_5455$class_6892.method_40332(class_5455.java:128)
	at java.base/java.util.stream.ReferencePipeline$3$1.accept(ReferencePipeline.java:197)
	at java.base/java.util.stream.ReferencePipeline$3$1.accept(ReferencePipeline.java:197)
	at java.base/java.util.HashMap$EntrySpliterator.forEachRemaining(HashMap.java:1850)
	at java.base/java.util.stream.AbstractPipeline.copyInto(AbstractPipeline.java:509)
	at java.base/java.util.stream.AbstractPipeline.wrapAndCopyInto(AbstractPipeline.java:499)
	at java.base/java.util.stream.ReduceOps$ReduceOp.evaluateSequential(ReduceOps.java:921)
	at java.base/java.util.stream.AbstractPipeline.evaluate(AbstractPipeline.java:234)
	at java.base/java.util.stream.ReferencePipeline.collect(ReferencePipeline.java:682)
	at net.minecraft.class_5455$class_6891.<init>(class_5455.java:168)
	at net.minecraft.class_5455.method_40316(class_5455.java:324)
	at net.minecraft.class_525.method_40209(class_525.java:519)
	at net.minecraft.class_7237.method_42098(class_7237.java:24)
	at net.minecraft.class_525.method_29682(class_525.java:509)
	... 24 more