Failed to validate datapack
java.util.concurrent.CompletionException: java.lang.IllegalStateException: Unbound values in registry ResourceKey[minecraft:root / minecraft:worldgen/configured_feature]: [amalgam:plains/good_looking_tree]
	at java.base/java.util.concurrent.CompletableFuture.encodeThrowable(CompletableFuture.java:332)
	at java.base/java.util.concurrent.CompletableFuture.uniAcceptNow(CompletableFuture.java:747)
	at java.base/java.util.concurrent.CompletableFuture.uniAcceptStage(CompletableFuture.java:735)
	at java.base/java.util.concurrent.CompletableFuture.thenAcceptAsync(CompletableFuture.java:2191)
	at net.minecraft.class_525.method_29682(class_525.java:543)
	at net.minecraft.class_5369.method_29642(class_5369.java:49)
	at net.minecraft.class_5375.method_25419(class_5375.java:78)
	at net.minecraft.class_5375.method_29982(class_5375.java:95)
	at net.minecraft.class_4185.method_25306(class_4185.java:43)
	at net.minecraft.class_4264.method_25348(class_4264.java:16)
	at net.minecraft.class_339.method_25402(class_339.java:120)
	at net.minecraft.class_4069.method_25402(class_4069.java:27)
	at net.minecraft.class_312.method_1611(class_312.java:94)
	at net.minecraft.class_437.method_25412(class_437.java:489)
	at net.minecraft.class_312.method_1601(class_312.java:94)
	at net.minecraft.class_312.method_22686(class_312.java:165)
	at net.minecraft.class_1255.execute(class_1255.java:103)
	at net.minecraft.class_312.method_22684(class_312.java:165)
	at org.lwjgl.glfw.GLFWMouseButtonCallbackI.callback(GLFWMouseButtonCallbackI.java:43)
	at org.lwjgl.system.JNI.invokeV(Native Method)
	at org.lwjgl.glfw.GLFW.glfwWaitEventsTimeout(GLFW.java:3474)
	at com.mojang.blaze3d.systems.RenderSystem.limitDisplayFPS(RenderSystem.java:222)
	at net.minecraft.class_310.method_1523(class_310.java:1208)
	at net.minecraft.class_310.method_1514(class_310.java:768)
	at net.minecraft.client.main.Main.method_44604(Main.java:244)
	at net.minecraft.client.main.Main.main(Main.java:51)
	at net.fabricmc.loader.impl.game.minecraft.MinecraftGameProvider.launch(MinecraftGameProvider.java:461)
	at net.fabricmc.loader.impl.launch.knot.Knot.launch(Knot.java:74)
	at net.fabricmc.loader.impl.launch.knot.KnotClient.main(KnotClient.java:23)
Caused by: java.lang.IllegalStateException: Unbound values in registry ResourceKey[minecraft:root / minecraft:worldgen/configured_feature]: [amalgam:plains/good_looking_tree]
	at net.minecraft.class_2370.method_40276(class_2370.java:347)
	at net.minecraft.class_5455$class_6892.method_40332(class_5455.java:128)
	at java.base/java.util.stream.ReferencePipeline$3$1.accept(ReferencePipeline.java:197)
	at java.base/java.util.stream.ReferencePipeline$3$1.accept(ReferencePipeline.java:197)
	at java.base/java.util.HashMap$EntrySpliterator.forEachRemaining(HashMap.java:1850)
	at java.base/java.util.stream.AbstractPipeline.copyInto(AbstractPipeline.java:509)
	at java.base/java.util.stream.AbstractPipeline.wrapAndCopyInto(AbstractPipeline.java:499)
	at java.base/java.util.stream.ReduceOps$ReduceOp.evaluateSequential(ReduceOps.java:921)
	at java.base/java.util.stream.AbstractPipeline.evaluate(AbstractPipeline.java:234)
	at java.base/java.util.stream.ReferencePipeline.collect(ReferencePipeline.java:682)
	at net.minecraft.class_5455$class_6891.<init>(class_5455.java:168)
	at net.minecraft.class_5455.method_40316(class_5455.java:324)
	at net.minecraft.class_525.method_40209(class_525.java:519)
	at net.minecraft.class_7237.method_42098(class_7237.java:24)
	at net.minecraft.class_525.method_29682(class_525.java:509)
	... 24 more