Failed to validate datapack
java.util.concurrent.CompletionException: java.lang.IllegalStateException: Error(s) loading registries:


Errors(s) loading registry minecraft:worldgen/configured_feature:

No key replaceable_blocks in MapLike[{"hat_state":{"Name":"minecraft:oak_leaves","Properties":{"distance":"7","persistent":"false","waterlogged":"false"}},"decor_state":{"Name":"minecraft:air"},"stem_state":{"Name":"minecraft:oak_log","Properties":{"axis":"y"}},"valid_base_block":{"Name":"minecraft:grass_block","Properties":{"snowy":"false"}}}]
	at: worldgen/configured_feature 'amalgam:worldgen/configured_feature/forest/fungus_tree.json'
	at: pack 'file/Amalgam_aplpha_4.1.10.zip'
Not a JSON object: [{"feature":{"type":"minecraft:huge_fungus","config":{"hat_state":{"Name":"minecraft:light_blue_stained_glass"},"decor_state":{"Name":"minecraft:pearlescent_froglight","Properties":{"axis":"y"}},"stem_state":{"Name":"minecraft:basalt","Properties":{"axis":"y"}},"valid_base_block":{"Name":"minecraft:stone"}}},"placement":[]},{"feature":{"type":"minecraft:huge_fungus","config":{"hat_state":{"Name":"minecraft:green_stained_glass"},"decor_state":{"Name":"minecraft:verdant_froglight","Properties":{"axis":"y"}},"stem_state":{"Name":"minecraft:basalt","Properties":{"axis":"y"}},"valid_base_block":{"Name":"minecraft:stone"}}},"placement":[]},{"feature":{"type":"minecraft:huge_fungus","config":{"hat_state":{"Name":"minecraft:yellow_stained_glass"},"decor_state":{"Name":"minecraft:ochre_froglight","Properties":{"axis":"y"}},"stem_state":{"Name":"minecraft:basalt","Properties":{"axis":"y"}},"valid_base_block":{"Name":"minecraft:stone"}}},"placement":[]}]
	at: worldgen/configured_feature 'amalgam:worldgen/configured_feature/plains/wow_tree.json'
	at: pack 'file/Amalgam_aplpha_4.1.10.zip'


Errors occurred freezing registries.
These were elements that were referenced, but never defined (or their definition had an error above).

Missing references from the worldgen/configured_feature registry: [
	'amalgam:forest/fungus_tree',
	'amalgam:plains/wow_tree'
]


	at java.base/java.util.concurrent.CompletableFuture.encodeThrowable(CompletableFuture.java:332)
	at java.base/java.util.concurrent.CompletableFuture.uniAcceptNow(CompletableFuture.java:747)
	at java.base/java.util.concurrent.CompletableFuture.uniAcceptStage(CompletableFuture.java:735)
	at java.base/java.util.concurrent.CompletableFuture.thenAcceptAsync(CompletableFuture.java:2191)
	at net.minecraft.class_525.method_45679(class_525.java:630)
	at net.minecraft.class_525.method_29682(class_525.java:590)
	at net.minecraft.class_525.method_49009(class_525.java:562)
	at net.minecraft.class_5369.method_29642(class_5369.java:56)
	at net.minecraft.class_5375.method_25419(class_5375.java:77)
	at net.minecraft.class_5375.method_29982(class_5375.java:108)
	at net.minecraft.class_4185.method_25306(class_4185.java:94)
	at net.minecraft.class_4264.method_25348(class_4264.java:56)
	at net.minecraft.class_339.method_25402(class_339.java:189)
	at net.minecraft.class_4069.method_25402(class_4069.java:38)
	at net.minecraft.class_312.method_1611(class_312.java:98)
	at net.minecraft.class_437.method_25412(class_437.java:409)
	at net.minecraft.class_312.method_1601(class_312.java:98)
	at net.minecraft.class_312.method_22686(class_312.java:169)
	at net.minecraft.class_1255.execute(class_1255.java:102)
	at net.minecraft.class_312.method_22684(class_312.java:169)
	at org.lwjgl.glfw.GLFWMouseButtonCallbackI.callback(GLFWMouseButtonCallbackI.java:43)
	at org.lwjgl.system.JNI.invokeV(Native Method)
	at org.lwjgl.glfw.GLFW.glfwPollEvents(GLFW.java:3403)
	at com.mojang.blaze3d.systems.RenderSystem.pollEvents(RenderSystem.java:201)
	at com.mojang.blaze3d.systems.RenderSystem.flipFrame(RenderSystem.java:219)
	at net.minecraft.class_1041.method_15998(class_1041.java:288)
	at net.minecraft.class_310.method_1523(class_310.java:1241)
	at net.minecraft.class_310.method_1514(class_310.java:802)
	at net.minecraft.client.main.Main.main(Main.java:250)
	at net.fabricmc.loader.impl.game.minecraft.MinecraftGameProvider.launch(MinecraftGameProvider.java:468)
	at net.fabricmc.loader.impl.launch.knot.Knot.launch(Knot.java:74)
	at net.fabricmc.loader.impl.launch.knot.KnotClient.main(KnotClient.java:23)
Caused by: java.lang.IllegalStateException: Error(s) loading registries:


Errors(s) loading registry minecraft:worldgen/configured_feature:

No key replaceable_blocks in MapLike[{"hat_state":{"Name":"minecraft:oak_leaves","Properties":{"distance":"7","persistent":"false","waterlogged":"false"}},"decor_state":{"Name":"minecraft:air"},"stem_state":{"Name":"minecraft:oak_log","Properties":{"axis":"y"}},"valid_base_block":{"Name":"minecraft:grass_block","Properties":{"snowy":"false"}}}]
	at: worldgen/configured_feature 'amalgam:worldgen/configured_feature/forest/fungus_tree.json'
	at: pack 'file/Amalgam_aplpha_4.1.10.zip'
Not a JSON object: [{"feature":{"type":"minecraft:huge_fungus","config":{"hat_state":{"Name":"minecraft:light_blue_stained_glass"},"decor_state":{"Name":"minecraft:pearlescent_froglight","Properties":{"axis":"y"}},"stem_state":{"Name":"minecraft:basalt","Properties":{"axis":"y"}},"valid_base_block":{"Name":"minecraft:stone"}}},"placement":[]},{"feature":{"type":"minecraft:huge_fungus","config":{"hat_state":{"Name":"minecraft:green_stained_glass"},"decor_state":{"Name":"minecraft:verdant_froglight","Properties":{"axis":"y"}},"stem_state":{"Name":"minecraft:basalt","Properties":{"axis":"y"}},"valid_base_block":{"Name":"minecraft:stone"}}},"placement":[]},{"feature":{"type":"minecraft:huge_fungus","config":{"hat_state":{"Name":"minecraft:yellow_stained_glass"},"decor_state":{"Name":"minecraft:ochre_froglight","Properties":{"axis":"y"}},"stem_state":{"Name":"minecraft:basalt","Properties":{"axis":"y"}},"valid_base_block":{"Name":"minecraft:stone"}}},"placement":[]}]
	at: worldgen/configured_feature 'amalgam:worldgen/configured_feature/plains/wow_tree.json'
	at: pack 'file/Amalgam_aplpha_4.1.10.zip'


Errors occurred freezing registries.
These were elements that were referenced, but never defined (or their definition had an error above).

Missing references from the worldgen/configured_feature registry: [
	'amalgam:forest/fungus_tree',
	'amalgam:plains/wow_tree'
]


	at com.alcatrazescapee.cyanide.codec.MixinHooks.loadAllRegistryData(MixinHooks.java:137)
	at net.minecraft.class_7655.handler$zih000$cyanide$loadAndReportErrors(class_7655.java:519)
	at net.minecraft.class_7655.method_45121(class_7655.java)
	at net.minecraft.class_7237.method_45142(class_7237.java:67)
	at net.minecraft.class_7237.method_45143(class_7237.java:71)
	at net.minecraft.class_7237.method_42098(class_7237.java:34)
	at net.minecraft.class_525.method_45679(class_525.java:600)
	... 27 more